<?xml version="1.0" encoding="UTF-8"?>
<testsuite xmlns:xsi="http://www.w3.org/2001/XMLSchema-instance" xsi:noNamespaceSchemaLocation="https://maven.apache.org/surefire/maven-surefire-plugin/xsd/surefire-test-report-3.0.xsd" version="3.0" name="com.exemplo.calculadora.CalculadoraTest" time="0.179" tests="5" errors="0" skipped="0" failures="0">
  <properties>
[...]
</properties>
  <testcase name="testeSubtrair" classname="com.exemplo.calculadora.CalculadoraTest" time="0.074">
    <system-err><![CDATA[SLF4J: Failed to load class "org.slf4j.impl.StaticLoggerBinder".
SLF4J: Defaulting to no-operation (NOP) logger implementation
SLF4J: See http://www.slf4j.org/codes.html#StaticLoggerBinder for further details.
set. 02, 2025 3:39:53 PM io.cucumber.junit.platform.engine.FeatureResolver resolvePackageResourceWarnIfNone
WARNING: No features found in package 'com.exemplo.calculadora'
]]></system-err>
  </testcase>
  <testcase name="testeSoma" classname="com.exemplo.calculadora.CalculadoraTest" time="0"/>
  <testcase name="testeMultiplicar" classname="com.exemplo.calculadora.CalculadoraTest" time="0"/>
  <testcase name="testeDividirPorZero" classname="com.exemplo.calculadora.CalculadoraTest" time="0.012"/>
  <testcase name="testeDivisao" classname="com.exemplo.calculadora.CalculadoraTest" time="0.004"/>
</testsuite>